<?xml version="1.0" encoding="UTF-8" ?>
<testsuite failures="0" time="0.065" errors="0" skipped="0" tests="9" name="it.novellis.pos.test.TestTerminal">
  <properties>
    <property name="java.runtime.name" value="OpenJDK Runtime Environment"/>
    <property name="sun.boot.library.path" value="/usr/lib/jvm/java-1.7.0-openjdk-1.7.0.71-2.5.3.0.fc19.x86_64/jre/lib/amd64"/>
    <property name="java.vm.version" value="24.65-b04"/>
    <property name="java.vm.vendor" value="Oracle Corporation"/>
    <property name="java.vendor.url" value="http://java.oracle.com/"/>
    <property name="path.separator" value=":"/>
    <property name="guice.disable.misplaced.annotation.check" value="true"/>
    <property name="java.vm.name" value="OpenJDK 64-Bit Server VM"/>
    <property name="file.encoding.pkg" value="sun.io"/>
    <property name="user.country" value="US"/>
    <property name="sun.java.launcher" value="SUN_STANDARD"/>
    <property name="sun.os.patch.level" value="unknown"/>
    <property name="java.vm.specification.name" value="Java Virtual Machine Specification"/>
    <property name="user.dir" value="/run/netsop/u/sop-nas2a/vol/home_biocore/fnovelli/git/pos-api"/>
    <property name="java.runtime.version" value="1.7.0_71-mockbuild_2014_10_15_17_02-b00"/>
    <property name="java.awt.graphicsenv" value="sun.awt.X11GraphicsEnvironment"/>
    <property name="java.endorsed.dirs" value="/usr/lib/jvm/java-1.7.0-openjdk-1.7.0.71-2.5.3.0.fc19.x86_64/jre/lib/endorsed"/>
    <property name="os.arch" value="amd64"/>
    <property name="java.io.tmpdir" value="/tmp"/>
    <property name="line.separator" value="
"/>
    <property name="java.vm.specification.vendor" value="Oracle Corporation"/>
    <property name="os.name" value="Linux"/>
    <property name="classworlds.conf" value="/run/netsop/u/sop-nas2a/vol/home_biocore/fnovelli/workspace-java/.metadata/.plugins/org.eclipse.m2e.launching/launches/m2conf5233422834870612180.tmp"/>
    <property name="sun.jnu.encoding" value="ISO-8859-1"/>
    <property name="java.library.path" value="/usr/lib/jvm/java-1.7.0-openjdk-1.7.0.71-2.5.3.0.fc19.x86_64/jre/lib/amd64/server:/usr/lib/jvm/java-1.7.0-openjdk-1.7.0.71-2.5.3.0.fc19.x86_64/jre/lib/amd64:/usr/lib/jvm/java-1.7.0-openjdk-1.7.0.71-2.5.3.0.fc19.x86_64/jre/../lib/amd64:/usr/lib/:/usr/local/lib:/usr/lib64/scilab/:/usr/lib/jvm/jre/lib/amd64/:/usr/lib/jvm/jre/lib/amd64/native_threads:/usr/lib/jvm/jre/lib/amd64/server:/usr/java/packages/lib/amd64:/usr/lib64:/lib64:/lib:/usr/lib"/>
    <property name="java.specification.name" value="Java Platform API Specification"/>
    <property name="java.class.version" value="51.0"/>
    <property name="sun.management.compiler" value="HotSpot 64-Bit Tiered Compilers"/>
    <property name="os.version" value="3.14.23-100.fc19.x86_64"/>
    <property name="user.home" value="/user/fnovelli/home"/>
    <property name="user.timezone" value="Europe/Paris"/>
    <property name="java.awt.printerjob" value="sun.print.PSPrinterJob"/>
    <property name="file.encoding" value="ISO-8859-1"/>
    <property name="java.specification.version" value="1.7"/>
    <property name="user.name" value="fnovelli"/>
    <property name="java.class.path" value="/run/netsop/u/sop-nas2a/vol/home_biocore/fnovelli/eclipse/eclipse-java/plugins/org.eclipse.m2e.maven.runtime_1.5.0.20140605-2032/jars/plexus-classworlds-2.5.1.jar"/>
    <property name="org.slf4j.simpleLogger.defaultLogLevel" value="info"/>
    <property name="java.vm.specification.version" value="1.7"/>
    <property name="sun.arch.data.model" value="64"/>
    <property name="java.home" value="/usr/lib/jvm/java-1.7.0-openjdk-1.7.0.71-2.5.3.0.fc19.x86_64/jre"/>
    <property name="sun.java.command" value="org.codehaus.plexus.classworlds.launcher.Launcher -B install"/>
    <property name="java.specification.vendor" value="Oracle Corporation"/>
    <property name="user.language" value="en"/>
    <property name="awt.toolkit" value="sun.awt.X11.XToolkit"/>
    <property name="java.vm.info" value="mixed mode"/>
    <property name="java.version" value="1.7.0_71"/>
    <property name="java.ext.dirs" value="/usr/lib/jvm/java-1.7.0-openjdk-1.7.0.71-2.5.3.0.fc19.x86_64/jre/lib/ext:/usr/java/packages/lib/ext"/>
    <property name="securerandom.source" value="file:/dev/./urandom"/>
    <property name="sun.boot.class.path" value="/usr/lib/jvm/java-1.7.0-openjdk-1.7.0.71-2.5.3.0.fc19.x86_64/jre/lib/resources.jar:/usr/lib/jvm/java-1.7.0-openjdk-1.7.0.71-2.5.3.0.fc19.x86_64/jre/lib/rt.jar:/usr/lib/jvm/java-1.7.0-openjdk-1.7.0.71-2.5.3.0.fc19.x86_64/jre/lib/sunrsasign.jar:/usr/lib/jvm/java-1.7.0-openjdk-1.7.0.71-2.5.3.0.fc19.x86_64/jre/lib/jsse.jar:/usr/lib/jvm/java-1.7.0-openjdk-1.7.0.71-2.5.3.0.fc19.x86_64/jre/lib/jce.jar:/usr/lib/jvm/java-1.7.0-openjdk-1.7.0.71-2.5.3.0.fc19.x86_64/jre/lib/charsets.jar:/usr/lib/jvm/java-1.7.0-openjdk-1.7.0.71-2.5.3.0.fc19.x86_64/jre/lib/rhino.jar:/usr/lib/jvm/java-1.7.0-openjdk-1.7.0.71-2.5.3.0.fc19.x86_64/jre/lib/jfr.jar:/usr/lib/jvm/java-1.7.0-openjdk-1.7.0.71-2.5.3.0.fc19.x86_64/jre/classes"/>
    <property name="java.vendor" value="Oracle Corporation"/>
    <property name="maven.home" value="/run/netsop/u/sop-nas2a/vol/home_biocore/fnovelli/git/pos-api/EMBEDDED"/>
    <property name="file.separator" value="/"/>
    <property name="java.vendor.url.bug" value="http://bugreport.sun.com/bugreport/"/>
    <property name="sun.cpu.endian" value="little"/>
    <property name="sun.io.unicode.encoding" value="UnicodeLittle"/>
    <property name="sun.desktop" value="gnome"/>
    <property name="sun.cpu.isalist" value=""/>
  </properties>
  <testcase time="0.037" classname="it.novellis.pos.test.TestTerminal" name="testTerminal1"/>
  <testcase time="0.003" classname="it.novellis.pos.test.TestTerminal" name="testTerminal2"/>
  <testcase time="0.003" classname="it.novellis.pos.test.TestTerminal" name="testTerminal3"/>
  <testcase time="0.003" classname="it.novellis.pos.test.TestTerminal" name="testTerminalProductNotFound"/>
  <testcase time="0.009" classname="it.novellis.pos.test.TestTerminal" name="testTerminalNegativeUnitPrice"/>
  <testcase time="0.006" classname="it.novellis.pos.test.TestTerminal" name="testTerminalNullLotQuantity"/>
  <testcase time="0.003" classname="it.novellis.pos.test.TestTerminal" name="testTerminalEmptyMap"/>
  <testcase time="0.001" classname="it.novellis.pos.test.TestTerminal" name="testTerminalNegativeLotPrice"/>
  <testcase time="0" classname="it.novellis.pos.test.TestTerminal" name="testTerminalNegativeLotQuantity"/>
</testsuite>